Added Component: Designator=BT?(BAT-2)
Added Component: Designator=K?(DIP-P8)
Added Component: Designator=P?(MHDR1X2)
Added Component: Designator=P?(MHDR1X2)
Added Component: Designator=R?(AXIAL-0.4)
Added Component: Designator=VR?(D2PAK_N)
Added Pin To Net: NetName=GND Pin=BT?-1
Added Pin To Net: NetName=GND Pin=K?-2
Added Pin To Net: NetName=GND Pin=VR?-2
Added Net: Name=GND
Added Pin To Net: NetName=NetBT?_2 Pin=BT?-2
Added Pin To Net: NetName=NetBT?_2 Pin=VR?-1
Added Net: Name=NetBT?_2
Added Pin To Net: NetName=NetK?_1 Pin=K?-1
Added Pin To Net: NetName=NetK?_1 Pin=P?-2
Added Net: Name=NetK?_1
Added Pin To Net: NetName=NetK?_3 Pin=K?-3
Added Pin To Net: NetName=NetK?_3 Pin=K?-7
Added Pin To Net: NetName=NetK?_3 Pin=P?-1
Added Net: Name=NetK?_3
Added Pin To Net: NetName=NetK?_4 Pin=K?-4
Added Pin To Net: NetName=NetK?_4 Pin=P?-1
Added Net: Name=NetK?_4
Added Pin To Net: NetName=NetK?_5 Pin=K?-5
Added Pin To Net: NetName=NetK?_5 Pin=VR?-3
Added Net: Name=NetK?_5
Added Pin To Net: NetName=NetK?_6 Pin=K?-6
Added Pin To Net: NetName=NetK?_6 Pin=P?-2
Added Pin To Net: NetName=NetK?_6 Pin=R?-1
Added Net: Name=NetK?_6
Added Pin To Net: NetName=NetK?_8 Pin=K?-8
Added Pin To Net: NetName=NetK?_8 Pin=R?-2
Added Net: Name=NetK?_8
Added Class: Name=Przelacznik_zasilania_Monitoringu
